<?xml version="1.0" encoding="UTF-8"?>
<testng-results ignored="0" total="2" passed="2" failed="0" skipped="0">
  <reporter-output>
  </reporter-output>
  <suite started-at="2025-03-15T15:05:40 IST" name="Default suite" finished-at="2025-03-15T15:05:40 IST" duration-ms="109">
    <groups>
      <group name="smoketest,Regressiontest">
        <method signature="CreatePhoTest.phoneTest()[pri:0, instance:Module2.CreatePhoTest@2b71e916]" name="phoneTest" class="Module2.CreatePhoTest"/>
        <method signature="CreatePhoTest.phoneWithCalTest()[pri:0, instance:Module2.CreatePhoTest@2b71e916]" name="phoneWithCalTest" class="Module2.CreatePhoTest"/>
      </group> <!-- smoketest,Regressiontest -->
    </groups>
    <test started-at="2025-03-15T15:05:40 IST" name="Default test" finished-at="2025-03-15T15:05:40 IST" duration-ms="109">
      <class name="Module2.CreatePhoTest">
        <test-method signature="phoneTest()[pri:0, instance:Module2.CreatePhoTest@2b71e916]" started-at="2025-03-15T15:05:40 IST" name="phoneTest" finished-at="2025-03-15T15:05:40 IST" duration-ms="19" status="PASS">
          <reporter-output>
          </reporter-output>
        </test-method> <!-- phoneTest -->
        <test-method signature="phoneWithCalTest()[pri:0, instance:Module2.CreatePhoTest@2b71e916]" started-at="2025-03-15T15:05:40 IST" name="phoneWithCalTest" finished-at="2025-03-15T15:05:40 IST" duration-ms="4" status="PASS">
          <reporter-output>
          </reporter-output>
        </test-method> <!-- phoneWithCalTest -->
      </class> <!-- Module2.CreatePhoTest -->
    </test> <!-- Default test -->
  </suite> <!-- Default suite -->
</testng-results>
